#
# There is insufficient memory for the Java Runtime Environment to continue.
# Native memory allocation (mmap) failed to map 257949696 bytes for G1 virtual space
# Possible reasons:
#   The system is out of physical RAM or swap space
#   The process is running with CompressedOops enabled, and the Java Heap may be blocking the growth of the native heap
# Possible solutions:
#   Reduce memory load on the system
#   Increase physical memory or swap space
#   Check if swap backing store is full
#   Decrease Java heap size (-Xmx/-Xms)
#   Decrease number of Java threads
#   Decrease Java thread stack sizes (-Xss)
#   Set larger code cache with -XX:ReservedCodeCacheSize=
#   JVM is running with Zero Based Compressed Oops mode in which the Java heap is
#     placed in the first 32GB address space. The Java Heap base address is the
#     maximum limit for the native heap growth. Please use -XX:HeapBaseMinAddress
#     to set the Java Heap base and to place the Java Heap above 32GB virtual address.
# This output file may be truncated or incomplete.
#
#  Out of Memory Error (os_windows.cpp:3532), pid=21012, tid=3812
#
# JRE version:  (17.0.2+8) (build )
# Java VM: OpenJDK 64-Bit Server VM (17.0.2+8, mixed mode, sharing, tiered, compressed oops, compressed class ptrs, g1 gc, windows-amd64)
# No core dump will be written. Minidumps are not enabled by default on client versions of Windows
#

---------------  S U M M A R Y ------------

Command Line: -Dfile.encoding=Cp1252 -XX:+ShowCodeDetailsInExceptionMessages GUI

Host: AMD Ryzen 5 4600H with Radeon Graphics         , 12 cores, 15G,  Windows 10 , 64 bit Build 19041 (10.0.19041.1741)
Time: Mon Jun 27 19:02:11 2022 Mitteleuropäische Sommerzeit elapsed time: 0.018893 seconds (0d 0h 0m 0s)

---------------  T H R E A D  ---------------

Current thread (0x00000184f453cd00):  JavaThread "Unknown thread" [_thread_in_vm, id=3812, stack(0x00000060e2100000,0x00000060e2200000)]

Stack: [0x00000060e2100000,0x00000060e2200000]
Native frames: (J=compiled Java code, j=interpreted, Vv=VM code, C=native code)
V  [jvm.dll+0x67564a]
V  [jvm.dll+0x82fc04]
V  [jvm.dll+0x8313ae]
V  [jvm.dll+0x831a13]
V  [jvm.dll+0x245235]
V  [jvm.dll+0x672539]
V  [jvm.dll+0x666e82]
V  [jvm.dll+0x30401b]
V  [jvm.dll+0x30b566]
V  [jvm.dll+0x35b1fe]
V  [jvm.dll+0x35b42f]
V  [jvm.dll+0x2daf58]
V  [jvm.dll+0x2dbec4]
V  [jvm.dll+0x801881]
V  [jvm.dll+0x368f81]
V  [jvm.dll+0x7e0cdc]
V  [jvm.dll+0x3eb8bf]
V  [jvm.dll+0x3ed441]
C  [jli.dll+0x5277]
C  [ucrtbase.dll+0x21bb2]
C  [KERNEL32.DLL+0x17034]
C  [ntdll.dll+0x52651]


---------------  P R O C E S S  ---------------

Threads class SMR info:
_java_thread_list=0x00007ffe40cf5e98, length=0, elements={
}

Java Threads: ( => current thread )

Other Threads:
  0x00000184f458b270 GCTaskThread "GC Thread#0" [stack: 0x00000060e2200000,0x00000060e2300000] [id=4900]
  0x00000184f459ee70 ConcurrentGCThread "G1 Main Marker" [stack: 0x00000060e2300000,0x00000060e2400000] [id=17928]
  0x00000184f459f780 ConcurrentGCThread "G1 Conc#0" [stack: 0x00000060e2400000,0x00000060e2500000] [id=17112]

[error occurred during error reporting (printing all threads), id 0xc0000005, EXCEPTION_ACCESS_VIOLATION (0xc0000005) at pc=0x00007ffe404cb9d7]

VM state: not at safepoint (not fully initialized)

VM Mutex/Monitor currently owned by a thread:  ([mutex/lock_event])
[0x00000184f4538b90] Heap_lock - owner thread: 0x00000184f453cd00

Heap address: 0x000000070a000000, size: 3936 MB, Compressed Oops mode: Zero based, Oop shift amount: 3

CDS archive(s) mapped at: [0x0000000000000000-0x0000000000000000-0x0000000000000000), size 0, SharedBaseAddress: 0x0000000800000000, ArchiveRelocationMode: 0.
Narrow klass base: 0x0000000000000000, Narrow klass shift: 0, Narrow klass range: 0x0

GC Precious Log:
<Empty>

Heap:
 garbage-first heap   total 0K, used 0K [0x000000070a000000, 0x0000000800000000)
  region size 2048K, 0 young (0K), 0 survivors (0K)

[error occurred during error reporting (printing heap information), id 0xc0000005, EXCEPTION_ACCESS_VIOLATION (0xc0000005) at pc=0x00007ffe408ae899]

GC Heap History (0 events):
No events

Deoptimization events (0 events):
No events

Classes unloaded (0 events):
No events

Classes redefined (0 events):
No events

Internal exceptions (0 events):
No events

VM Operations (0 events):
No events

Events (1 events):
Event: 0.005 Loaded shared library C:\Users\lukas\.p2\pool\plugins\org.eclipse.justj.openjdk.hotspot.jre.full.win32.x86_64_17.0.2.v20220201-1208\jre\bin\java.dll


Dynamic libraries:
0x00007ff70efa0000 - 0x00007ff70efae000 	C:\Users\lukas\.p2\pool\plugins\org.eclipse.justj.openjdk.hotspot.jre.full.win32.x86_64_17.0.2.v20220201-1208\jre\bin\javaw.exe
0x00007ffed7c30000 - 0x00007ffed7e27000 	C:\Windows\SYSTEM32\ntdll.dll
0x00007ffed5de0000 - 0x00007ffed5e9d000 	C:\Windows\System32\KERNEL32.DLL
0x00007ffed5430000 - 0x00007ffed56fd000 	C:\Windows\System32\KERNELBASE.dll
0x00007ffed5a30000 - 0x00007ffed5b30000 	C:\Windows\System32\ucrtbase.dll
0x00007ffeb4260000 - 0x00007ffeb4278000 	C:\Users\lukas\.p2\pool\plugins\org.eclipse.justj.openjdk.hotspot.jre.full.win32.x86_64_17.0.2.v20220201-1208\jre\bin\jli.dll
0x00007ffed5ea0000 - 0x00007ffed6040000 	C:\Windows\System32\USER32.dll
0x00007ffed5400000 - 0x00007ffed5422000 	C:\Windows\System32\win32u.dll
0x00007ffed7850000 - 0x00007ffed787a000 	C:\Windows\System32\GDI32.dll
0x00007ffed5830000 - 0x00007ffed593b000 	C:\Windows\System32\gdi32full.dll
0x00007ffed5940000 - 0x00007ffed59dd000 	C:\Windows\System32\msvcp_win.dll
0x00007ffeaf100000 - 0x00007ffeaf119000 	C:\Users\lukas\.p2\pool\plugins\org.eclipse.justj.openjdk.hotspot.jre.full.win32.x86_64_17.0.2.v20220201-1208\jre\bin\VCRUNTIME140.dll
0x00007ffeca770000 - 0x00007ffecaa0a000 	C:\Windows\WinSxS\amd64_microsoft.windows.common-controls_6595b64144ccf1df_6.0.19041.1110_none_60b5254171f9507e\COMCTL32.dll
0x00007ffed6040000 - 0x00007ffed60de000 	C:\Windows\System32\msvcrt.dll
0x00007ffed5db0000 - 0x00007ffed5de0000 	C:\Windows\System32\IMM32.DLL
0x00007ffecca40000 - 0x00007ffecca4c000 	C:\Users\lukas\.p2\pool\plugins\org.eclipse.justj.openjdk.hotspot.jre.full.win32.x86_64_17.0.2.v20220201-1208\jre\bin\vcruntime140_1.dll
0x00007ffe6fdd0000 - 0x00007ffe6fe61000 	C:\Users\lukas\.p2\pool\plugins\org.eclipse.justj.openjdk.hotspot.jre.full.win32.x86_64_17.0.2.v20220201-1208\jre\bin\msvcp140.dll
0x00007ffe401e0000 - 0x00007ffe40e27000 	C:\Users\lukas\.p2\pool\plugins\org.eclipse.justj.openjdk.hotspot.jre.full.win32.x86_64_17.0.2.v20220201-1208\jre\bin\server\jvm.dll
0x00007ffed6b90000 - 0x00007ffed6c3e000 	C:\Windows\System32\ADVAPI32.dll
0x00007ffed6af0000 - 0x00007ffed6b8c000 	C:\Windows\System32\sechost.dll
0x00007ffed6c40000 - 0x00007ffed6d65000 	C:\Windows\System32\RPCRT4.dll
0x00007ffed6df0000 - 0x00007ffed6df8000 	C:\Windows\System32\PSAPI.DLL
0x00007ffeabe10000 - 0x00007ffeabe19000 	C:\Windows\SYSTEM32\WSOCK32.dll
0x00007ffed24b0000 - 0x00007ffed24d7000 	C:\Windows\SYSTEM32\WINMM.dll
0x00007ffed7af0000 - 0x00007ffed7b5b000 	C:\Windows\System32\WS2_32.dll
0x00007ffecaee0000 - 0x00007ffecaeea000 	C:\Windows\SYSTEM32\VERSION.dll
0x00007ffed3c30000 - 0x00007ffed3c42000 	C:\Windows\SYSTEM32\kernel.appcore.dll
0x00007ffecfd80000 - 0x00007ffecfd8a000 	C:\Users\lukas\.p2\pool\plugins\org.eclipse.justj.openjdk.hotspot.jre.full.win32.x86_64_17.0.2.v20220201-1208\jre\bin\jimage.dll
0x00007ffed2eb0000 - 0x00007ffed3094000 	C:\Windows\SYSTEM32\DBGHELP.DLL
0x00007ffec4fc0000 - 0x00007ffec4fec000 	C:\Windows\SYSTEM32\dbgcore.DLL
0x00007ffed5700000 - 0x00007ffed5782000 	C:\Windows\System32\bcryptPrimitives.dll
0x00007ffecb8b0000 - 0x00007ffecb8d5000 	C:\Users\lukas\.p2\pool\plugins\org.eclipse.justj.openjdk.hotspot.jre.full.win32.x86_64_17.0.2.v20220201-1208\jre\bin\java.dll

dbghelp: loaded successfully - version: 4.0.5 - missing functions: none
symbol engine: initialized successfully - sym options: 0x614 - pdb path: .;C:\Users\lukas\.p2\pool\plugins\org.eclipse.justj.openjdk.hotspot.jre.full.win32.x86_64_17.0.2.v20220201-1208\jre\bin;C:\Windows\SYSTEM32;C:\Windows\WinSxS\amd64_microsoft.windows.common-controls_6595b64144ccf1df_6.0.19041.1110_none_60b5254171f9507e;C:\Users\lukas\.p2\pool\plugins\org.eclipse.justj.openjdk.hotspot.jre.full.win32.x86_64_17.0.2.v20220201-1208\jre\bin\server

VM Arguments:
jvm_args: -Dfile.encoding=Cp1252 -XX:+ShowCodeDetailsInExceptionMessages 
java_command: GUI
java_class_path (initial): D:\6_Semester\Prog_2\GUI\bin
Launcher Type: SUN_STANDARD

[Global flags]
     intx CICompilerCount                          = 4                                         {product} {ergonomic}
     uint ConcGCThreads                            = 3                                         {product} {ergonomic}
     uint G1ConcRefinementThreads                  = 10                                        {product} {ergonomic}
   size_t G1HeapRegionSize                         = 2097152                                   {product} {ergonomic}
    uintx GCDrainStackTargetSize                   = 64                                        {product} {ergonomic}
   size_t InitialHeapSize                          = 257949696                                 {product} {ergonomic}
   size_t MarkStackSize                            = 4194304                                   {product} {ergonomic}
   size_t MaxHeapSize                              = 4127195136                                {product} {ergonomic}
   size_t MinHeapDeltaBytes                        = 2097152                                   {product} {ergonomic}
   size_t MinHeapSize                              = 8388608                                   {product} {ergonomic}
    uintx NonNMethodCodeHeapSize                   = 5839372                                {pd product} {ergonomic}
    uintx NonProfiledCodeHeapSize                  = 122909434                              {pd product} {ergonomic}
    uintx ProfiledCodeHeapSize                     = 122909434                              {pd product} {ergonomic}
    uintx ReservedCodeCacheSize                    = 251658240                              {pd product} {ergonomic}
     bool SegmentedCodeCache                       = true                                      {product} {ergonomic}
     bool ShowCodeDetailsInExceptionMessages       = true                                   {manageable} {command line}
   size_t SoftMaxHeapSize                          = 4127195136                             {manageable} {ergonomic}
     bool UseCompressedClassPointers               = true                           {product lp64_product} {ergonomic}
     bool UseCompressedOops                        = true                           {product lp64_product} {ergonomic}
     bool UseG1GC                                  = true                                      {product} {ergonomic}
     bool UseLargePagesIndividualAllocation        = false                                  {pd product} {ergonomic}

Logging:
Log output configuration:
 #0: stdout all=warning uptime,level,tags
 #1: stderr all=off uptime,level,tags

Environment Variables:
PATH=C:/Users/lukas/.p2/pool/plugins/org.eclipse.justj.openjdk.hotspot.jre.full.win32.x86_64_17.0.2.v20220201-1208/jre/bin/server;C:/Users/lukas/.p2/pool/plugins/org.eclipse.justj.openjdk.hotspot.jre.full.win32.x86_64_17.0.2.v20220201-1208/jre/bin;C:\Program Files\Common Files\Oracle\Java\javapath;C:\Windows\system32;C:\Windows;C:\Windows\System32\Wbem;C:\Windows\System32\WindowsPowerShell\v1.0\;C:\Windows\System32\OpenSSH\;C:\Program Files\MATLAB\R2021b\bin;C:\Program Files (x86)\IVI Foundation\VISA\WinNT\Bin\;C:\Program Files\IVI Foundation\VISA\Win64\Bin\;C:\Program Files (x86)\IVI Foundation\VISA\WinNT\Bin;C:\Users\lukas\AppData\Local\Microsoft\WindowsApps;;C:\Windows\system32;
USERNAME=lukas
OS=Windows_NT
PROCESSOR_IDENTIFIER=AMD64 Family 23 Model 96 Stepping 1, AuthenticAMD



---------------  S Y S T E M  ---------------

OS:
 Windows 10 , 64 bit Build 19041 (10.0.19041.1741)
OS uptime: 0 days 6:35 hours

CPU: total 12 (initial active 12) (12 cores per cpu, 2 threads per core) family 23 model 96 stepping 1 microcode 0x0, cx8, cmov, fxsr, ht, mmx, 3dnowpref, sse, sse2, sse3, ssse3, sse4a, sse4.1, sse4.2, popcnt, lzcnt, tsc, tscinvbit, avx, avx2, aes, clmul, bmi1, bmi2, adx, sha, fma, vzeroupper, clflush, clflushopt

Memory: 4k page, system-wide physical 15741M (7122M free)
TotalPageFile size 24391M (AvailPageFile size 243M)
current process WorkingSet (physical memory assigned to process): 10M, peak: 10M
current process commit charge ("private bytes"): 64M, peak: 309M

vm_info: OpenJDK 64-Bit Server VM (17.0.2+8) for windows-amd64 JRE (17.0.2+8), built on Jan 20 2022 04:52:34 by "" with MS VC++ 16.7 (VS2019)

END.
